To honour the JVM settings for this build a single-use Daemon process will be forked. For more on this, please refer to https://docs.gradle.org/9.2.1/userguide/gradle_daemon.html#sec:disabling_the_daemon in the Gradle documentation.
Daemon will be stopped at the end of the build 
> Task :compileJava
> Task :processResources UP-TO-DATE
> Task :classes
> Task :resolveMainClassName

> Task :bootRun

  .   ____          _            __ _ _
 /\\ / ___'_ __ _ _(_)_ __  __ _ \ \ \ \
( ( )\___ | '_ | '_| | '_ \/ _` | \ \ \ \
 \\/  ___)| |_)| | | | | || (_| |  ) ) ) )
  '  |____| .__|_| |_|_| |_\__, | / / / /
 =========|_|==============|___/=/_/_/_/

 :: Spring Boot ::                (v3.4.1)

2026-01-13T07:05:29.108-05:00  INFO 26693 --- [Az104Simulator] [  restartedMain] c.s.a.Az104SimulatorApplication          : Starting Az104SimulatorApplication using Java 21.0.8 with PID 26693 (/Users/emosquera/Develop/SingularIt/Az104Simulator/build/classes/java/main started by emosquera in /Users/emosquera/Develop/SingularIt/Az104Simulator)
2026-01-13T07:05:29.109-05:00  INFO 26693 --- [Az104Simulator] [  restartedMain] c.s.a.Az104SimulatorApplication          : No active profile set, falling back to 1 default profile: "default"
2026-01-13T07:05:29.131-05:00  INFO 26693 --- [Az104Simulator] [  restartedMain] .e.DevToolsPropertyDefaultsPostProcessor : Devtools property defaults active! Set 'spring.devtools.add-properties' to 'false' to disable
2026-01-13T07:05:29.131-05:00  INFO 26693 --- [Az104Simulator] [  restartedMain] .e.DevToolsPropertyDefaultsPostProcessor : For additional web related logging consider setting the 'logging.level.web' property to 'DEBUG'
2026-01-13T07:05:29.402-05:00  INFO 26693 --- [Az104Simulator] [  restartedMain] .s.d.r.c.RepositoryConfigurationDelegate : Bootstrapping Spring Data JPA repositories in DEFAULT mode.
2026-01-13T07:05:29.432-05:00  INFO 26693 --- [Az104Simulator] [  restartedMain] .s.d.r.c.RepositoryConfigurationDelegate : Finished Spring Data repository scanning in 26 ms. Found 4 JPA repository interfaces.
2026-01-13T07:05:29.676-05:00  INFO 26693 --- [Az104Simulator] [  restartedMain] o.s.b.w.embedded.tomcat.TomcatWebServer  : Tomcat initialized with port 8080 (http)
2026-01-13T07:05:29.683-05:00  INFO 26693 --- [Az104Simulator] [  restartedMain] o.apache.catalina.core.StandardService   : Starting service [Tomcat]
2026-01-13T07:05:29.683-05:00  INFO 26693 --- [Az104Simulator] [  restartedMain] o.apache.catalina.core.StandardEngine    : Starting Servlet engine: [Apache Tomcat/10.1.34]
2026-01-13T07:05:29.701-05:00  INFO 26693 --- [Az104Simulator] [  restartedMain] o.a.c.c.C.[Tomcat].[localhost].[/]       : Initializing Spring embedded WebApplicationContext
2026-01-13T07:05:29.701-05:00  INFO 26693 --- [Az104Simulator] [  restartedMain] w.s.c.ServletWebServerApplicationContext : Root WebApplicationContext: initialization completed in 569 ms
2026-01-13T07:05:29.806-05:00  INFO 26693 --- [Az104Simulator] [  restartedMain] com.zaxxer.hikari.HikariDataSource       : HikariPool-1 - Starting...
2026-01-13T07:05:29.901-05:00  INFO 26693 --- [Az104Simulator] [  restartedMain] com.zaxxer.hikari.pool.HikariPool        : HikariPool-1 - Added connection conn0: url=jdbc:h2:mem:az104db user=SA
2026-01-13T07:05:29.902-05:00  INFO 26693 --- [Az104Simulator] [  restartedMain] com.zaxxer.hikari.HikariDataSource       : HikariPool-1 - Start completed.
2026-01-13T07:05:29.927-05:00  INFO 26693 --- [Az104Simulator] [  restartedMain] org.flywaydb.core.FlywayExecutor         : Database: jdbc:h2:mem:az104db (H2 2.3)
2026-01-13T07:05:29.933-05:00  WARN 26693 --- [Az104Simulator] [  restartedMain] o.f.c.internal.database.base.Database    : Flyway upgrade recommended: H2 2.3.232 is newer than this version of Flyway and support has not been tested. The latest supported version of H2 is 2.2.224.
2026-01-13T07:05:29.944-05:00  INFO 26693 --- [Az104Simulator] [  restartedMain] o.f.c.i.s.JdbcTableSchemaHistory         : Schema history table "PUBLIC"."flyway_schema_history" does not exist yet
2026-01-13T07:05:29.945-05:00  INFO 26693 --- [Az104Simulator] [  restartedMain] o.f.core.internal.command.DbValidate     : Successfully validated 1 migration (execution time 00:00.006s)
2026-01-13T07:05:29.949-05:00  INFO 26693 --- [Az104Simulator] [  restartedMain] o.f.c.i.s.JdbcTableSchemaHistory         : Creating Schema History table "PUBLIC"."flyway_schema_history" ...
2026-01-13T07:05:29.968-05:00  INFO 26693 --- [Az104Simulator] [  restartedMain] o.f.core.internal.command.DbMigrate      : Current version of schema "PUBLIC": << Empty Schema >>
2026-01-13T07:05:29.973-05:00  INFO 26693 --- [Az104Simulator] [  restartedMain] o.f.core.internal.command.DbMigrate      : Migrating schema "PUBLIC" to version "1 - schema"
2026-01-13T07:05:29.989-05:00  INFO 26693 --- [Az104Simulator] [  restartedMain] o.f.core.internal.command.DbMigrate      : Successfully applied 1 migration to schema "PUBLIC", now at version v1 (execution time 00:00.009s)
2026-01-13T07:05:30.036-05:00  INFO 26693 --- [Az104Simulator] [  restartedMain] o.hibernate.jpa.internal.util.LogHelper  : HHH000204: Processing PersistenceUnitInfo [name: default]
2026-01-13T07:05:30.066-05:00  INFO 26693 --- [Az104Simulator] [  restartedMain] org.hibernate.Version                    : HHH000412: Hibernate ORM core version 6.6.4.Final
2026-01-13T07:05:30.084-05:00  INFO 26693 --- [Az104Simulator] [  restartedMain] o.h.c.internal.RegionFactoryInitiator    : HHH000026: Second-level cache disabled
2026-01-13T07:05:30.225-05:00  INFO 26693 --- [Az104Simulator] [  restartedMain] o.s.o.j.p.SpringPersistenceUnitInfo      : No LoadTimeWeaver setup: ignoring JPA class transformer
2026-01-13T07:05:30.249-05:00  WARN 26693 --- [Az104Simulator] [  restartedMain] org.hibernate.orm.deprecation            : HHH90000025: H2Dialect does not need to be specified explicitly using 'hibernate.dialect' (remove the property setting and it will be selected by default)
2026-01-13T07:05:30.258-05:00  INFO 26693 --- [Az104Simulator] [  restartedMain] org.hibernate.orm.connections.pooling    : HHH10001005: Database info:
	Database JDBC URL [Connecting through datasource 'HikariDataSource (HikariPool-1)']
	Database driver: undefined/unknown
	Database version: 2.3.232
	Autocommit mode: undefined/unknown
	Isolation level: undefined/unknown
	Minimum pool size: undefined/unknown
	Maximum pool size: undefined/unknown
2026-01-13T07:05:30.745-05:00  INFO 26693 --- [Az104Simulator] [  restartedMain] o.h.e.t.j.p.i.JtaPlatformInitiator       : HHH000489: No JTA platform available (set 'hibernate.transaction.jta.platform' to enable JTA platform integration)
2026-01-13T07:05:30.755-05:00  INFO 26693 --- [Az104Simulator] [  restartedMain] j.LocalContainerEntityManagerFactoryBean : Initialized JPA EntityManagerFactory for persistence unit 'default'
2026-01-13T07:05:30.874-05:00  INFO 26693 --- [Az104Simulator] [  restartedMain] o.s.d.j.r.query.QueryEnhancerFactory     : Hibernate is in classpath; If applicable, HQL parser will be used.
2026-01-13T07:05:31.459-05:00  INFO 26693 --- [Az104Simulator] [  restartedMain] o.s.b.a.h2.H2ConsoleAutoConfiguration    : H2 console available at '/h2-console'. Database available at 'jdbc:h2:mem:az104db'
2026-01-13T07:05:31.487-05:00  INFO 26693 --- [Az104Simulator] [  restartedMain] o.s.b.d.a.OptionalLiveReloadServer       : LiveReload server is running on port 35729
2026-01-13T07:05:31.503-05:00  INFO 26693 --- [Az104Simulator] [  restartedMain] o.s.b.w.embedded.tomcat.TomcatWebServer  : Tomcat started on port 8080 (http) with context path '/'
2026-01-13T07:05:31.509-05:00  INFO 26693 --- [Az104Simulator] [  restartedMain] c.s.a.Az104SimulatorApplication          : Started Az104SimulatorApplication in 2.574 seconds (process running for 2.761)
2026-01-13T07:05:31.545-05:00  INFO 26693 --- [Az104Simulator] [  restartedMain] c.s.a.config.QuestionDataLoader          : Loading questions from JSON...
2026-01-13T07:05:31.663-05:00  INFO 26693 --- [Az104Simulator] [  restartedMain] c.s.a.config.QuestionDataLoader          : Successfully loaded 104 questions from JSON
2026-01-13T07:06:11.349-05:00  INFO 26693 --- [Az104Simulator] [nio-8080-exec-1] o.a.c.c.C.[Tomcat].[localhost].[/]       : Initializing Spring DispatcherServlet 'dispatcherServlet'
2026-01-13T07:06:11.349-05:00  INFO 26693 --- [Az104Simulator] [nio-8080-exec-1] o.s.web.servlet.DispatcherServlet        : Initializing Servlet 'dispatcherServlet'
2026-01-13T07:06:11.351-05:00  INFO 26693 --- [Az104Simulator] [nio-8080-exec-1] o.s.web.servlet.DispatcherServlet        : Completed initialization in 2 ms
2026-01-13T07:07:23.520-05:00  INFO 26693 --- [Az104Simulator] [io-8080-exec-10] c.s.a.controller.ExamController          : Starting attempt with config: mode=PRACTICE, questions=20
2026-01-13T07:07:23.590-05:00  INFO 26693 --- [Az104Simulator] [io-8080-exec-10] c.s.a.service.AttemptService             : Created attempt 9e6e1d08-3826-4fe9-8316-5141acbb1176 with 20 questions
